<?xml version="1.0" encoding="UTF-8" ?>
<testsuite tests="4" failures="0" name="calculator.CalculatorTest" time="0.015" errors="0" skipped="0">
  <properties>
[...]
</properties>
  <testcase classname="calculator.CalculatorTest" name="testSummeZweiNegative" time="0.015"/>
  <testcase classname="calculator.CalculatorTest" name="testSummeZweiPositiveIsOk" time="0"/>
  <testcase classname="calculator.CalculatorTest" name="testSummeZweiNull" time="0"/>
  <testcase classname="calculator.CalculatorTest" name="test" time="0"/>
</testsuite>